[INFO ] 03-01-2024 13:52:28 [main] Log - Method setExcelFile: E:\keyworddriven.monkey.game\src\main\java\testcases\Scope.xlsx
[INFO ] 03-01-2024 13:52:28 [main] Log - Method getRowCount: Scope
[INFO ] 03-01-2024 13:52:28 [main] Log - Method getCellData: rowNumber[0], columnNumber[2], sheetName[Scope]
[INFO ] 03-01-2024 13:52:28 [main] Log - Method getCellData: rowNumber[1], columnNumber[2], sheetName[Scope]
[INFO ] 03-01-2024 13:52:28 [main] Log - Method getCellData: rowNumber[1], columnNumber[1], sheetName[Scope]
[INFO ] 03-01-2024 13:52:28 [main] Log - Method setExcelFile: E:\keyworddriven.monkey.game\src\main\java\testcases\Report_IntroDialog.BE.ID01(Clone).xlsx
[INFO ] 03-01-2024 13:52:28 [main] Log - Method getRowCount: TestCase
[INFO ] 03-01-2024 13:52:28 [main] Log - Method getCellData: rowNumber[0], columnNumber[0], sheetName[TestCase]
[INFO ] 03-01-2024 13:52:28 [main] Log - TC: TCID
[INFO ] 03-01-2024 13:52:28 [main] Log - Method getCellData: rowNumber[1], columnNumber[0], sheetName[TestCase]
[INFO ] 03-01-2024 13:52:28 [main] Log - TC: TC01
[INFO ] 03-01-2024 13:52:28 [main] Log - Method getRowCount: TestSteps
[INFO ] 03-01-2024 13:52:28 [main] Log - Method getCellData: rowNumber[0], columnNumber[0], sheetName[TestSteps]
[INFO ] 03-01-2024 13:52:28 [main] Log - Method getCellData: rowNumber[1], columnNumber[0], sheetName[TestSteps]
[INFO ] 03-01-2024 13:52:28 [main] Log - Method getRowContains: sTestCaseName[TC01], colNum[0], sheetName[TestSteps]
[INFO ] 03-01-2024 13:52:28 [main] Log - Method getRowCount: TestSteps
[INFO ] 03-01-2024 13:52:28 [main] Log - Method getCellData: rowNumber[1], columnNumber[0], sheetName[TestSteps]
[INFO ] 03-01-2024 13:52:28 [main] Log - Method getRowCount: TestSteps
[INFO ] 03-01-2024 13:52:28 [main] Log - Method getCellData: rowNumber[2], columnNumber[0], sheetName[TestSteps]
[INFO ] 03-01-2024 13:52:28 [main] Log - Method getRowCount: TestSteps
[INFO ] 03-01-2024 13:52:28 [main] Log - Method getCellData: rowNumber[3], columnNumber[0], sheetName[TestSteps]
[INFO ] 03-01-2024 13:52:28 [main] Log - Method getRowCount: TestSteps
[INFO ] 03-01-2024 13:52:28 [main] Log - Method getCellData: rowNumber[4], columnNumber[0], sheetName[TestSteps]
[INFO ] 03-01-2024 13:52:28 [main] Log - Method getRowCount: TestSteps
[INFO ] 03-01-2024 13:52:28 [main] Log - Method getCellData: rowNumber[5], columnNumber[0], sheetName[TestSteps]
[INFO ] 03-01-2024 13:52:28 [main] Log - Method getRowCount: TestSteps
[INFO ] 03-01-2024 13:52:28 [main] Log - Method getCellData: rowNumber[6], columnNumber[0], sheetName[TestSteps]
[INFO ] 03-01-2024 13:52:28 [main] Log - Method getRowCount: TestSteps
[INFO ] 03-01-2024 13:52:28 [main] Log - Method getCellData: rowNumber[7], columnNumber[0], sheetName[TestSteps]
[INFO ] 03-01-2024 13:52:28 [main] Log - Method getRowCount: TestSteps
[INFO ] 03-01-2024 13:52:28 [main] Log - Method getCellData: rowNumber[8], columnNumber[0], sheetName[TestSteps]
[INFO ] 03-01-2024 13:52:28 [main] Log - Method getCellData: rowNumber[1], columnNumber[5], sheetName[TestSteps]
[INFO ] 03-01-2024 13:52:28 [main] Log - Method getCellData: rowNumber[1], columnNumber[3], sheetName[TestSteps]
[INFO ] 03-01-2024 13:52:28 [main] Log - Method getCellData: rowNumber[1], columnNumber[4], sheetName[TestSteps]
[INFO ] 03-01-2024 13:52:28 [main] Log - Method getCellData: rowNumber[1], columnNumber[6], sheetName[TestSteps]
[INFO ] 03-01-2024 13:52:28 [main] Log - Method getCellData: rowNumber[1], columnNumber[2], sheetName[TestSteps]
[INFO ] 03-01-2024 13:52:28 [main] Log - Method getCellData: rowNumber[1], columnNumber[1], sheetName[TestSteps]
[INFO ] 03-01-2024 13:52:28 [main] Log - TS01:  Click nút Home
[INFO ] 03-01-2024 13:52:30 [main] Log - Method getCellData: rowNumber[1], columnNumber[7], sheetName[TestSteps]
[INFO ] 03-01-2024 13:52:30 [main] Log - Method getCellData: rowNumber[1], columnNumber[8], sheetName[TestSteps]
[INFO ] 03-01-2024 13:52:30 [main] Log - Method getRowContains: result[PASS], rowNumber[1], columnNumber[10], sheetName[TestSteps], path[E:\keyworddriven.monkey.game\src\main\java\testcases\Report_IntroDialog.BE.ID01(Clone).xlsx]
[INFO ] 03-01-2024 13:52:30 [main] Log - Method getRowContains: result[null], rowNumber[1], columnNumber[11], sheetName[TestSteps], path[E:\keyworddriven.monkey.game\src\main\java\testcases\Report_IntroDialog.BE.ID01(Clone).xlsx]
[INFO ] 03-01-2024 13:52:30 [main] Log - Method getRowContains: result[PASS], rowNumber[1], columnNumber[10], sheetName[TestSteps], path[E:\keyworddriven.monkey.game\src\main\java\testcases\Report_IntroDialog.BE.ID01(Clone).xlsx]
[INFO ] 03-01-2024 13:52:30 [main] Log - Method getRowContains: result[null], rowNumber[1], columnNumber[11], sheetName[TestSteps], path[E:\keyworddriven.monkey.game\src\main\java\testcases\Report_IntroDialog.BE.ID01(Clone).xlsx]
[INFO ] 03-01-2024 13:52:30 [main] Log - Method getCellData: rowNumber[2], columnNumber[5], sheetName[TestSteps]
[INFO ] 03-01-2024 13:52:30 [main] Log - Method getCellData: rowNumber[2], columnNumber[3], sheetName[TestSteps]
[INFO ] 03-01-2024 13:52:30 [main] Log - Method getCellData: rowNumber[2], columnNumber[4], sheetName[TestSteps]
[INFO ] 03-01-2024 13:52:30 [main] Log - Method getCellData: rowNumber[2], columnNumber[6], sheetName[TestSteps]
[INFO ] 03-01-2024 13:52:30 [main] Log - Method getCellData: rowNumber[2], columnNumber[2], sheetName[TestSteps]
[INFO ] 03-01-2024 13:52:30 [main] Log - Method getCellData: rowNumber[2], columnNumber[1], sheetName[TestSteps]
[INFO ] 03-01-2024 13:52:30 [main] Log - TS02:  Chọn khóa AI Speak
[INFO ] 03-01-2024 13:52:30 [main] Log - Method getCellData: rowNumber[2], columnNumber[7], sheetName[TestSteps]
[INFO ] 03-01-2024 13:52:30 [main] Log - Method getCellData: rowNumber[2], columnNumber[8], sheetName[TestSteps]
[INFO ] 03-01-2024 13:52:30 [main] Log - Method getCellData: rowNumber[2], columnNumber[9], sheetName[TestSteps]
[INFO ] 03-01-2024 13:52:30 [main] Log - TS02:  Check - Chọn khóa AI Speak
[INFO ] 03-01-2024 13:52:30 [main] Log - Method getRowContains: result[PASS], rowNumber[2], columnNumber[10], sheetName[TestSteps], path[E:\keyworddriven.monkey.game\src\main\java\testcases\Report_IntroDialog.BE.ID01(Clone).xlsx]
[INFO ] 03-01-2024 13:52:30 [main] Log - Method getRowContains: result[], rowNumber[2], columnNumber[11], sheetName[TestSteps], path[E:\keyworddriven.monkey.game\src\main\java\testcases\Report_IntroDialog.BE.ID01(Clone).xlsx]
[INFO ] 03-01-2024 13:52:30 [main] Log - Method getRowContains: result[PASS], rowNumber[2], columnNumber[10], sheetName[TestSteps], path[E:\keyworddriven.monkey.game\src\main\java\testcases\Report_IntroDialog.BE.ID01(Clone).xlsx]
[INFO ] 03-01-2024 13:52:31 [main] Log - Method getRowContains: result[], rowNumber[2], columnNumber[11], sheetName[TestSteps], path[E:\keyworddriven.monkey.game\src\main\java\testcases\Report_IntroDialog.BE.ID01(Clone).xlsx]
[INFO ] 03-01-2024 13:52:31 [main] Log - Method getCellData: rowNumber[3], columnNumber[5], sheetName[TestSteps]
[INFO ] 03-01-2024 13:52:31 [main] Log - Method getCellData: rowNumber[3], columnNumber[3], sheetName[TestSteps]
[INFO ] 03-01-2024 13:52:31 [main] Log - Method getCellData: rowNumber[3], columnNumber[4], sheetName[TestSteps]
[INFO ] 03-01-2024 13:52:31 [main] Log - Method getCellData: rowNumber[3], columnNumber[6], sheetName[TestSteps]
[INFO ] 03-01-2024 13:52:31 [main] Log - Method getCellData: rowNumber[3], columnNumber[2], sheetName[TestSteps]
[INFO ] 03-01-2024 13:52:31 [main] Log - Method getCellData: rowNumber[3], columnNumber[1], sheetName[TestSteps]
[INFO ] 03-01-2024 13:52:31 [main] Log - TS03:  Click Monkey debug
[INFO ] 03-01-2024 13:52:31 [main] Log - Method getCellData: rowNumber[3], columnNumber[7], sheetName[TestSteps]
[INFO ] 03-01-2024 13:52:31 [main] Log - Method getCellData: rowNumber[3], columnNumber[8], sheetName[TestSteps]
[INFO ] 03-01-2024 13:52:31 [main] Log - Method getRowContains: result[PASS], rowNumber[3], columnNumber[10], sheetName[TestSteps], path[E:\keyworddriven.monkey.game\src\main\java\testcases\Report_IntroDialog.BE.ID01(Clone).xlsx]
[INFO ] 03-01-2024 13:52:31 [main] Log - Method getRowContains: result[], rowNumber[3], columnNumber[11], sheetName[TestSteps], path[E:\keyworddriven.monkey.game\src\main\java\testcases\Report_IntroDialog.BE.ID01(Clone).xlsx]
[INFO ] 03-01-2024 13:52:31 [main] Log - Method getRowContains: result[PASS], rowNumber[3], columnNumber[10], sheetName[TestSteps], path[E:\keyworddriven.monkey.game\src\main\java\testcases\Report_IntroDialog.BE.ID01(Clone).xlsx]
[INFO ] 03-01-2024 13:52:31 [main] Log - Method getRowContains: result[], rowNumber[3], columnNumber[11], sheetName[TestSteps], path[E:\keyworddriven.monkey.game\src\main\java\testcases\Report_IntroDialog.BE.ID01(Clone).xlsx]
[INFO ] 03-01-2024 13:52:31 [main] Log - Method getCellData: rowNumber[4], columnNumber[5], sheetName[TestSteps]
[INFO ] 03-01-2024 13:52:31 [main] Log - Method getCellData: rowNumber[4], columnNumber[3], sheetName[TestSteps]
[INFO ] 03-01-2024 13:52:31 [main] Log - Method getCellData: rowNumber[4], columnNumber[4], sheetName[TestSteps]
[INFO ] 03-01-2024 13:52:31 [main] Log - Method getCellData: rowNumber[4], columnNumber[6], sheetName[TestSteps]
[INFO ] 03-01-2024 13:52:31 [main] Log - Method getCellData: rowNumber[4], columnNumber[2], sheetName[TestSteps]
[INFO ] 03-01-2024 13:52:31 [main] Log - Method getCellData: rowNumber[4], columnNumber[1], sheetName[TestSteps]
[INFO ] 03-01-2024 13:52:31 [main] Log - TS04:  Vuốt ngang đến mục AI Speak
[INFO ] 03-01-2024 13:52:31 [main] Log - Method getCellData: rowNumber[4], columnNumber[7], sheetName[TestSteps]
[INFO ] 03-01-2024 13:52:31 [main] Log - Method getCellData: rowNumber[4], columnNumber[8], sheetName[TestSteps]
[INFO ] 03-01-2024 13:52:31 [main] Log - Method getRowContains: result[PASS], rowNumber[4], columnNumber[10], sheetName[TestSteps], path[E:\keyworddriven.monkey.game\src\main\java\testcases\Report_IntroDialog.BE.ID01(Clone).xlsx]
[INFO ] 03-01-2024 13:52:31 [main] Log - Method getRowContains: result[], rowNumber[4], columnNumber[11], sheetName[TestSteps], path[E:\keyworddriven.monkey.game\src\main\java\testcases\Report_IntroDialog.BE.ID01(Clone).xlsx]
[INFO ] 03-01-2024 13:52:31 [main] Log - Method getRowContains: result[PASS], rowNumber[4], columnNumber[10], sheetName[TestSteps], path[E:\keyworddriven.monkey.game\src\main\java\testcases\Report_IntroDialog.BE.ID01(Clone).xlsx]
[INFO ] 03-01-2024 13:52:31 [main] Log - Method getRowContains: result[], rowNumber[4], columnNumber[11], sheetName[TestSteps], path[E:\keyworddriven.monkey.game\src\main\java\testcases\Report_IntroDialog.BE.ID01(Clone).xlsx]
[INFO ] 03-01-2024 13:52:31 [main] Log - Method getCellData: rowNumber[5], columnNumber[5], sheetName[TestSteps]
[INFO ] 03-01-2024 13:52:31 [main] Log - Method getCellData: rowNumber[5], columnNumber[3], sheetName[TestSteps]
[INFO ] 03-01-2024 13:52:31 [main] Log - Method getCellData: rowNumber[5], columnNumber[4], sheetName[TestSteps]
[INFO ] 03-01-2024 13:52:31 [main] Log - Method getCellData: rowNumber[5], columnNumber[6], sheetName[TestSteps]
[INFO ] 03-01-2024 13:52:31 [main] Log - Method getCellData: rowNumber[5], columnNumber[2], sheetName[TestSteps]
[INFO ] 03-01-2024 13:52:31 [main] Log - Method getCellData: rowNumber[5], columnNumber[1], sheetName[TestSteps]
[INFO ] 03-01-2024 13:52:31 [main] Log - TS05:  Click Unclock Lesson dropdown
[INFO ] 03-01-2024 13:52:31 [main] Log - Method getCellData: rowNumber[5], columnNumber[7], sheetName[TestSteps]
[INFO ] 03-01-2024 13:52:31 [main] Log - Method getCellData: rowNumber[5], columnNumber[8], sheetName[TestSteps]
[INFO ] 03-01-2024 13:52:32 [main] Log - Method getRowContains: result[PASS], rowNumber[5], columnNumber[10], sheetName[TestSteps], path[E:\keyworddriven.monkey.game\src\main\java\testcases\Report_IntroDialog.BE.ID01(Clone).xlsx]
[INFO ] 03-01-2024 13:52:32 [main] Log - Method getRowContains: result[], rowNumber[5], columnNumber[11], sheetName[TestSteps], path[E:\keyworddriven.monkey.game\src\main\java\testcases\Report_IntroDialog.BE.ID01(Clone).xlsx]
[INFO ] 03-01-2024 13:52:32 [main] Log - Method getRowContains: result[PASS], rowNumber[5], columnNumber[10], sheetName[TestSteps], path[E:\keyworddriven.monkey.game\src\main\java\testcases\Report_IntroDialog.BE.ID01(Clone).xlsx]
[INFO ] 03-01-2024 13:52:32 [main] Log - Method getRowContains: result[], rowNumber[5], columnNumber[11], sheetName[TestSteps], path[E:\keyworddriven.monkey.game\src\main\java\testcases\Report_IntroDialog.BE.ID01(Clone).xlsx]
[INFO ] 03-01-2024 13:52:32 [main] Log - Method getCellData: rowNumber[6], columnNumber[5], sheetName[TestSteps]
[INFO ] 03-01-2024 13:52:32 [main] Log - Method getCellData: rowNumber[6], columnNumber[3], sheetName[TestSteps]
[INFO ] 03-01-2024 13:52:32 [main] Log - Method getCellData: rowNumber[6], columnNumber[4], sheetName[TestSteps]
[INFO ] 03-01-2024 13:52:32 [main] Log - Method getCellData: rowNumber[6], columnNumber[6], sheetName[TestSteps]
[INFO ] 03-01-2024 13:52:32 [main] Log - Method getCellData: rowNumber[6], columnNumber[2], sheetName[TestSteps]
[INFO ] 03-01-2024 13:52:32 [main] Log - Method getCellData: rowNumber[6], columnNumber[1], sheetName[TestSteps]
[INFO ] 03-01-2024 13:52:32 [main] Log - TS06:  Chọn On Unlock Leson
[INFO ] 03-01-2024 13:52:32 [main] Log - Method getCellData: rowNumber[6], columnNumber[7], sheetName[TestSteps]
[INFO ] 03-01-2024 13:52:32 [main] Log - Method getCellData: rowNumber[6], columnNumber[8], sheetName[TestSteps]
[INFO ] 03-01-2024 13:52:32 [main] Log - Method getRowContains: result[PASS], rowNumber[6], columnNumber[10], sheetName[TestSteps], path[E:\keyworddriven.monkey.game\src\main\java\testcases\Report_IntroDialog.BE.ID01(Clone).xlsx]
[INFO ] 03-01-2024 13:52:32 [main] Log - Method getRowContains: result[], rowNumber[6], columnNumber[11], sheetName[TestSteps], path[E:\keyworddriven.monkey.game\src\main\java\testcases\Report_IntroDialog.BE.ID01(Clone).xlsx]
[INFO ] 03-01-2024 13:52:32 [main] Log - Method getRowContains: result[PASS], rowNumber[6], columnNumber[10], sheetName[TestSteps], path[E:\keyworddriven.monkey.game\src\main\java\testcases\Report_IntroDialog.BE.ID01(Clone).xlsx]
[INFO ] 03-01-2024 13:52:32 [main] Log - Method getRowContains: result[], rowNumber[6], columnNumber[11], sheetName[TestSteps], path[E:\keyworddriven.monkey.game\src\main\java\testcases\Report_IntroDialog.BE.ID01(Clone).xlsx]
[INFO ] 03-01-2024 13:52:32 [main] Log - Method getCellData: rowNumber[7], columnNumber[5], sheetName[TestSteps]
[INFO ] 03-01-2024 13:52:32 [main] Log - Method getCellData: rowNumber[7], columnNumber[3], sheetName[TestSteps]
[INFO ] 03-01-2024 13:52:32 [main] Log - Method getCellData: rowNumber[7], columnNumber[4], sheetName[TestSteps]
[INFO ] 03-01-2024 13:52:32 [main] Log - Method getCellData: rowNumber[7], columnNumber[6], sheetName[TestSteps]
[INFO ] 03-01-2024 13:52:32 [main] Log - Method getCellData: rowNumber[7], columnNumber[2], sheetName[TestSteps]
[INFO ] 03-01-2024 13:52:32 [main] Log - Method getCellData: rowNumber[7], columnNumber[1], sheetName[TestSteps]
[INFO ] 03-01-2024 13:52:32 [main] Log - TS07:  Close Debug
[INFO ] 03-01-2024 13:52:32 [main] Log - Method getCellData: rowNumber[7], columnNumber[7], sheetName[TestSteps]
[INFO ] 03-01-2024 13:52:32 [main] Log - Method getCellData: rowNumber[7], columnNumber[8], sheetName[TestSteps]
[INFO ] 03-01-2024 13:52:32 [main] Log - Method getRowContains: result[PASS], rowNumber[7], columnNumber[10], sheetName[TestSteps], path[E:\keyworddriven.monkey.game\src\main\java\testcases\Report_IntroDialog.BE.ID01(Clone).xlsx]
[INFO ] 03-01-2024 13:52:32 [main] Log - Method getRowContains: result[], rowNumber[7], columnNumber[11], sheetName[TestSteps], path[E:\keyworddriven.monkey.game\src\main\java\testcases\Report_IntroDialog.BE.ID01(Clone).xlsx]
[INFO ] 03-01-2024 13:52:32 [main] Log - Method getRowContains: result[PASS], rowNumber[7], columnNumber[10], sheetName[TestSteps], path[E:\keyworddriven.monkey.game\src\main\java\testcases\Report_IntroDialog.BE.ID01(Clone).xlsx]
[INFO ] 03-01-2024 13:52:32 [main] Log - Method getRowContains: result[], rowNumber[7], columnNumber[11], sheetName[TestSteps], path[E:\keyworddriven.monkey.game\src\main\java\testcases\Report_IntroDialog.BE.ID01(Clone).xlsx]
[INFO ] 03-01-2024 13:52:32 [main] Log - Method getRowContains: result[PASS], rowNumber[1], columnNumber[3], sheetName[TestCase], path[E:\keyworddriven.monkey.game\src\main\java\testcases\Report_IntroDialog.BE.ID01(Clone).xlsx]
[INFO ] 03-01-2024 13:52:32 [main] Log - Method getRowContains: result[], rowNumber[1], columnNumber[4], sheetName[TestCase], path[E:\keyworddriven.monkey.game\src\main\java\testcases\Report_IntroDialog.BE.ID01(Clone).xlsx]
[INFO ] 03-01-2024 13:52:32 [main] Log - Method getCellData: rowNumber[2], columnNumber[0], sheetName[TestCase]
[INFO ] 03-01-2024 13:52:32 [main] Log - TC: TC02
[INFO ] 03-01-2024 13:52:32 [main] Log - Method getRowCount: TestSteps
[INFO ] 03-01-2024 13:52:32 [main] Log - Method getCellData: rowNumber[0], columnNumber[0], sheetName[TestSteps]
[INFO ] 03-01-2024 13:52:32 [main] Log - Method getCellData: rowNumber[1], columnNumber[0], sheetName[TestSteps]
[INFO ] 03-01-2024 13:52:32 [main] Log - Method getCellData: rowNumber[2], columnNumber[0], sheetName[TestSteps]
[INFO ] 03-01-2024 13:52:32 [main] Log - Method getCellData: rowNumber[3], columnNumber[0], sheetName[TestSteps]
[INFO ] 03-01-2024 13:52:32 [main] Log - Method getCellData: rowNumber[4], columnNumber[0], sheetName[TestSteps]
[INFO ] 03-01-2024 13:52:32 [main] Log - Method getCellData: rowNumber[5], columnNumber[0], sheetName[TestSteps]
[INFO ] 03-01-2024 13:52:32 [main] Log - Method getCellData: rowNumber[6], columnNumber[0], sheetName[TestSteps]
[INFO ] 03-01-2024 13:52:32 [main] Log - Method getCellData: rowNumber[7], columnNumber[0], sheetName[TestSteps]
[INFO ] 03-01-2024 13:52:32 [main] Log - Method getCellData: rowNumber[8], columnNumber[0], sheetName[TestSteps]
[INFO ] 03-01-2024 13:52:32 [main] Log - Method getRowContains: sTestCaseName[TC02], colNum[0], sheetName[TestSteps]
[INFO ] 03-01-2024 13:52:32 [main] Log - Method getRowCount: TestSteps
[INFO ] 03-01-2024 13:52:32 [main] Log - Method getCellData: rowNumber[8], columnNumber[0], sheetName[TestSteps]
[INFO ] 03-01-2024 13:52:32 [main] Log - Method getRowCount: TestSteps
[INFO ] 03-01-2024 13:52:32 [main] Log - Method getRowContains: sTestCaseID[TC02], startTestStep[8], sheetName[TestSteps]
[INFO ] 03-01-2024 13:52:32 [main] Log - Method getCellData: rowNumber[8], columnNumber[5], sheetName[TestSteps]
[INFO ] 03-01-2024 13:52:32 [main] Log - Method getCellData: rowNumber[8], columnNumber[3], sheetName[TestSteps]
[INFO ] 03-01-2024 13:52:32 [main] Log - Method getCellData: rowNumber[8], columnNumber[4], sheetName[TestSteps]
[INFO ] 03-01-2024 13:52:32 [main] Log - Method getCellData: rowNumber[8], columnNumber[6], sheetName[TestSteps]
[INFO ] 03-01-2024 13:52:32 [main] Log - Method getCellData: rowNumber[8], columnNumber[2], sheetName[TestSteps]
[INFO ] 03-01-2024 13:52:32 [main] Log - Method getCellData: rowNumber[8], columnNumber[1], sheetName[TestSteps]
[INFO ] 03-01-2024 13:52:32 [main] Log - TS01:  Play lesson 3
[INFO ] 03-01-2024 13:52:32 [main] Log - Method getCellData: rowNumber[8], columnNumber[7], sheetName[TestSteps]
[INFO ] 03-01-2024 13:52:32 [main] Log - Method getCellData: rowNumber[8], columnNumber[8], sheetName[TestSteps]
[INFO ] 03-01-2024 13:52:32 [main] Log - Method getCellData: rowNumber[8], columnNumber[9], sheetName[TestSteps]
[INFO ] 03-01-2024 13:52:32 [main] Log - TS01:  Check - Play lesson 3
[INFO ] 03-01-2024 13:52:33 [main] Log - Check - Play lesson 3
[INFO ] 03-01-2024 13:52:33 [main] Log - Method getRowContains: result[PASS], rowNumber[8], columnNumber[10], sheetName[TestSteps], path[E:\keyworddriven.monkey.game\src\main\java\testcases\Report_IntroDialog.BE.ID01(Clone).xlsx]
[INFO ] 03-01-2024 13:52:33 [main] Log - Method getRowContains: result[], rowNumber[8], columnNumber[11], sheetName[TestSteps], path[E:\keyworddriven.monkey.game\src\main\java\testcases\Report_IntroDialog.BE.ID01(Clone).xlsx]
[INFO ] 03-01-2024 13:52:33 [main] Log - Method getRowContains: result[PASS], rowNumber[8], columnNumber[10], sheetName[TestSteps], path[E:\keyworddriven.monkey.game\src\main\java\testcases\Report_IntroDialog.BE.ID01(Clone).xlsx]
[INFO ] 03-01-2024 13:52:33 [main] Log - Method getRowContains: result[], rowNumber[8], columnNumber[11], sheetName[TestSteps], path[E:\keyworddriven.monkey.game\src\main\java\testcases\Report_IntroDialog.BE.ID01(Clone).xlsx]
[INFO ] 03-01-2024 13:52:33 [main] Log - Method getRowContains: result[PASS], rowNumber[2], columnNumber[3], sheetName[TestCase], path[E:\keyworddriven.monkey.game\src\main\java\testcases\Report_IntroDialog.BE.ID01(Clone).xlsx]
[INFO ] 03-01-2024 13:52:33 [main] Log - Method getRowContains: result[], rowNumber[2], columnNumber[4], sheetName[TestCase], path[E:\keyworddriven.monkey.game\src\main\java\testcases\Report_IntroDialog.BE.ID01(Clone).xlsx]
[INFO ] 03-01-2024 13:52:33 [main] Log - Method setExcelFile: E:\keyworddriven.monkey.game\src\main\java\testcases\Scope.xlsx
[INFO ] 03-01-2024 13:52:33 [main] Log - Method getRowContains: result[PASS], rowNumber[1], columnNumber[3], sheetName[Scope], path[E:\keyworddriven.monkey.game\src\main\java\testcases\Scope.xlsx]
[INFO ] 03-01-2024 13:53:36 [main] Log - Method setExcelFile: E:\keyworddriven.monkey.game\src\main\java\testcases\Scope.xlsx
[INFO ] 03-01-2024 13:53:36 [main] Log - Method getRowCount: Scope
[INFO ] 03-01-2024 13:53:36 [main] Log - Method getCellData: rowNumber[0], columnNumber[2], sheetName[Scope]
[INFO ] 03-01-2024 13:53:36 [main] Log - Method getCellData: rowNumber[1], columnNumber[2], sheetName[Scope]
[INFO ] 03-01-2024 13:53:36 [main] Log - Method getCellData: rowNumber[1], columnNumber[1], sheetName[Scope]
[INFO ] 03-01-2024 13:53:36 [main] Log - Method setExcelFile: E:\keyworddriven.monkey.game\src\main\java\testcases\Report_IntroDialog.BE.ID01(Clone).xlsx
[INFO ] 03-01-2024 13:53:36 [main] Log - Method getRowCount: TestCase
[INFO ] 03-01-2024 13:53:36 [main] Log - Method getCellData: rowNumber[0], columnNumber[0], sheetName[TestCase]
[INFO ] 03-01-2024 13:53:36 [main] Log - TC: TCID
[INFO ] 03-01-2024 13:53:36 [main] Log - Method getCellData: rowNumber[1], columnNumber[0], sheetName[TestCase]
[INFO ] 03-01-2024 13:53:36 [main] Log - TC: TC01
[INFO ] 03-01-2024 13:53:36 [main] Log - Method getRowCount: TestSteps
[INFO ] 03-01-2024 13:53:36 [main] Log - Method getCellData: rowNumber[0], columnNumber[0], sheetName[TestSteps]
[INFO ] 03-01-2024 13:53:36 [main] Log - Method getCellData: rowNumber[1], columnNumber[0], sheetName[TestSteps]
[INFO ] 03-01-2024 13:53:36 [main] Log - Method getRowContains: sTestCaseName[TC01], colNum[0], sheetName[TestSteps]
[INFO ] 03-01-2024 13:53:36 [main] Log - Method getRowCount: TestSteps
[INFO ] 03-01-2024 13:53:36 [main] Log - Method getCellData: rowNumber[1], columnNumber[0], sheetName[TestSteps]
[INFO ] 03-01-2024 13:53:36 [main] Log - Method getRowCount: TestSteps
[INFO ] 03-01-2024 13:53:36 [main] Log - Method getCellData: rowNumber[2], columnNumber[0], sheetName[TestSteps]
[INFO ] 03-01-2024 13:53:36 [main] Log - Method getRowCount: TestSteps
[INFO ] 03-01-2024 13:53:36 [main] Log - Method getCellData: rowNumber[3], columnNumber[0], sheetName[TestSteps]
[INFO ] 03-01-2024 13:53:36 [main] Log - Method getRowCount: TestSteps
[INFO ] 03-01-2024 13:53:36 [main] Log - Method getCellData: rowNumber[4], columnNumber[0], sheetName[TestSteps]
[INFO ] 03-01-2024 13:53:36 [main] Log - Method getRowCount: TestSteps
[INFO ] 03-01-2024 13:53:36 [main] Log - Method getCellData: rowNumber[5], columnNumber[0], sheetName[TestSteps]
[INFO ] 03-01-2024 13:53:36 [main] Log - Method getRowCount: TestSteps
[INFO ] 03-01-2024 13:53:36 [main] Log - Method getCellData: rowNumber[6], columnNumber[0], sheetName[TestSteps]
[INFO ] 03-01-2024 13:53:36 [main] Log - Method getRowCount: TestSteps
[INFO ] 03-01-2024 13:53:36 [main] Log - Method getCellData: rowNumber[7], columnNumber[0], sheetName[TestSteps]
[INFO ] 03-01-2024 13:53:36 [main] Log - Method getRowCount: TestSteps
[INFO ] 03-01-2024 13:53:36 [main] Log - Method getCellData: rowNumber[8], columnNumber[0], sheetName[TestSteps]
[INFO ] 03-01-2024 13:53:36 [main] Log - Method getCellData: rowNumber[1], columnNumber[5], sheetName[TestSteps]
[INFO ] 03-01-2024 13:53:36 [main] Log - Method getCellData: rowNumber[1], columnNumber[3], sheetName[TestSteps]
[INFO ] 03-01-2024 13:53:36 [main] Log - Method getCellData: rowNumber[1], columnNumber[4], sheetName[TestSteps]
[INFO ] 03-01-2024 13:53:36 [main] Log - Method getCellData: rowNumber[1], columnNumber[6], sheetName[TestSteps]
[INFO ] 03-01-2024 13:53:36 [main] Log - Method getCellData: rowNumber[1], columnNumber[2], sheetName[TestSteps]
[INFO ] 03-01-2024 13:53:36 [main] Log - Method getCellData: rowNumber[1], columnNumber[1], sheetName[TestSteps]
[INFO ] 03-01-2024 13:53:36 [main] Log - TS01:  Click nút Home
[INFO ] 03-01-2024 13:53:38 [main] Log - Method getCellData: rowNumber[1], columnNumber[7], sheetName[TestSteps]
[INFO ] 03-01-2024 13:53:38 [main] Log - Method getCellData: rowNumber[1], columnNumber[8], sheetName[TestSteps]
[INFO ] 03-01-2024 13:53:38 [main] Log - Method getRowContains: result[PASS], rowNumber[1], columnNumber[10], sheetName[TestSteps], path[E:\keyworddriven.monkey.game\src\main\java\testcases\Report_IntroDialog.BE.ID01(Clone).xlsx]
[INFO ] 03-01-2024 13:53:38 [main] Log - Method getRowContains: result[null], rowNumber[1], columnNumber[11], sheetName[TestSteps], path[E:\keyworddriven.monkey.game\src\main\java\testcases\Report_IntroDialog.BE.ID01(Clone).xlsx]
[INFO ] 03-01-2024 13:53:38 [main] Log - Method getRowContains: result[PASS], rowNumber[1], columnNumber[10], sheetName[TestSteps], path[E:\keyworddriven.monkey.game\src\main\java\testcases\Report_IntroDialog.BE.ID01(Clone).xlsx]
[INFO ] 03-01-2024 13:53:38 [main] Log - Method getRowContains: result[null], rowNumber[1], columnNumber[11], sheetName[TestSteps], path[E:\keyworddriven.monkey.game\src\main\java\testcases\Report_IntroDialog.BE.ID01(Clone).xlsx]
[INFO ] 03-01-2024 13:53:38 [main] Log - Method getCellData: rowNumber[2], columnNumber[5], sheetName[TestSteps]
[INFO ] 03-01-2024 13:53:38 [main] Log - Method getCellData: rowNumber[2], columnNumber[3], sheetName[TestSteps]
[INFO ] 03-01-2024 13:53:38 [main] Log - Method getCellData: rowNumber[2], columnNumber[4], sheetName[TestSteps]
[INFO ] 03-01-2024 13:53:38 [main] Log - Method getCellData: rowNumber[2], columnNumber[6], sheetName[TestSteps]
[INFO ] 03-01-2024 13:53:38 [main] Log - Method getCellData: rowNumber[2], columnNumber[2], sheetName[TestSteps]
[INFO ] 03-01-2024 13:53:38 [main] Log - Method getCellData: rowNumber[2], columnNumber[1], sheetName[TestSteps]
[INFO ] 03-01-2024 13:53:38 [main] Log - TS02:  Chọn khóa AI Speak
[INFO ] 03-01-2024 13:53:38 [main] Log - Method getCellData: rowNumber[2], columnNumber[7], sheetName[TestSteps]
[INFO ] 03-01-2024 13:53:38 [main] Log - Method getCellData: rowNumber[2], columnNumber[8], sheetName[TestSteps]
[INFO ] 03-01-2024 13:53:38 [main] Log - Method getCellData: rowNumber[2], columnNumber[9], sheetName[TestSteps]
[INFO ] 03-01-2024 13:53:38 [main] Log - TS02:  Check - Chọn khóa AI Speak
[INFO ] 03-01-2024 13:53:38 [main] Log - Method getRowContains: result[PASS], rowNumber[2], columnNumber[10], sheetName[TestSteps], path[E:\keyworddriven.monkey.game\src\main\java\testcases\Report_IntroDialog.BE.ID01(Clone).xlsx]
[INFO ] 03-01-2024 13:53:38 [main] Log - Method getRowContains: result[], rowNumber[2], columnNumber[11], sheetName[TestSteps], path[E:\keyworddriven.monkey.game\src\main\java\testcases\Report_IntroDialog.BE.ID01(Clone).xlsx]
[INFO ] 03-01-2024 13:53:39 [main] Log - Method getRowContains: result[PASS], rowNumber[2], columnNumber[10], sheetName[TestSteps], path[E:\keyworddriven.monkey.game\src\main\java\testcases\Report_IntroDialog.BE.ID01(Clone).xlsx]
[INFO ] 03-01-2024 13:53:39 [main] Log - Method getRowContains: result[], rowNumber[2], columnNumber[11], sheetName[TestSteps], path[E:\keyworddriven.monkey.game\src\main\java\testcases\Report_IntroDialog.BE.ID01(Clone).xlsx]
[INFO ] 03-01-2024 13:53:39 [main] Log - Method getCellData: rowNumber[3], columnNumber[5], sheetName[TestSteps]
[INFO ] 03-01-2024 13:53:39 [main] Log - Method getCellData: rowNumber[3], columnNumber[3], sheetName[TestSteps]
[INFO ] 03-01-2024 13:53:39 [main] Log - Method getCellData: rowNumber[3], columnNumber[4], sheetName[TestSteps]
[INFO ] 03-01-2024 13:53:39 [main] Log - Method getCellData: rowNumber[3], columnNumber[6], sheetName[TestSteps]
[INFO ] 03-01-2024 13:53:39 [main] Log - Method getCellData: rowNumber[3], columnNumber[2], sheetName[TestSteps]
[INFO ] 03-01-2024 13:53:39 [main] Log - Method getCellData: rowNumber[3], columnNumber[1], sheetName[TestSteps]
[INFO ] 03-01-2024 13:53:39 [main] Log - TS03:  Click Monkey debug
[INFO ] 03-01-2024 13:53:39 [main] Log - Method getCellData: rowNumber[3], columnNumber[7], sheetName[TestSteps]
[INFO ] 03-01-2024 13:53:39 [main] Log - Method getCellData: rowNumber[3], columnNumber[8], sheetName[TestSteps]
[INFO ] 03-01-2024 13:53:39 [main] Log - Method getRowContains: result[PASS], rowNumber[3], columnNumber[10], sheetName[TestSteps], path[E:\keyworddriven.monkey.game\src\main\java\testcases\Report_IntroDialog.BE.ID01(Clone).xlsx]
[INFO ] 03-01-2024 13:53:39 [main] Log - Method getRowContains: result[], rowNumber[3], columnNumber[11], sheetName[TestSteps], path[E:\keyworddriven.monkey.game\src\main\java\testcases\Report_IntroDialog.BE.ID01(Clone).xlsx]
[INFO ] 03-01-2024 13:53:39 [main] Log - Method getRowContains: result[PASS], rowNumber[3], columnNumber[10], sheetName[TestSteps], path[E:\keyworddriven.monkey.game\src\main\java\testcases\Report_IntroDialog.BE.ID01(Clone).xlsx]
[INFO ] 03-01-2024 13:53:40 [main] Log - Method getRowContains: result[], rowNumber[3], columnNumber[11], sheetName[TestSteps], path[E:\keyworddriven.monkey.game\src\main\java\testcases\Report_IntroDialog.BE.ID01(Clone).xlsx]
[INFO ] 03-01-2024 13:53:40 [main] Log - Method getCellData: rowNumber[4], columnNumber[5], sheetName[TestSteps]
[INFO ] 03-01-2024 13:53:40 [main] Log - Method getCellData: rowNumber[4], columnNumber[3], sheetName[TestSteps]
[INFO ] 03-01-2024 13:53:40 [main] Log - Method getCellData: rowNumber[4], columnNumber[4], sheetName[TestSteps]
[INFO ] 03-01-2024 13:53:40 [main] Log - Method getCellData: rowNumber[4], columnNumber[6], sheetName[TestSteps]
[INFO ] 03-01-2024 13:53:40 [main] Log - Method getCellData: rowNumber[4], columnNumber[2], sheetName[TestSteps]
[INFO ] 03-01-2024 13:53:40 [main] Log - Method getCellData: rowNumber[4], columnNumber[1], sheetName[TestSteps]
[INFO ] 03-01-2024 13:53:40 [main] Log - TS04:  Vuốt ngang đến mục AI Speak
[INFO ] 03-01-2024 13:53:40 [main] Log - Method getCellData: rowNumber[4], columnNumber[7], sheetName[TestSteps]
[INFO ] 03-01-2024 13:53:40 [main] Log - Method getCellData: rowNumber[4], columnNumber[8], sheetName[TestSteps]
[INFO ] 03-01-2024 13:53:40 [main] Log - Method getRowContains: result[PASS], rowNumber[4], columnNumber[10], sheetName[TestSteps], path[E:\keyworddriven.monkey.game\src\main\java\testcases\Report_IntroDialog.BE.ID01(Clone).xlsx]
[INFO ] 03-01-2024 13:53:40 [main] Log - Method getRowContains: result[], rowNumber[4], columnNumber[11], sheetName[TestSteps], path[E:\keyworddriven.monkey.game\src\main\java\testcases\Report_IntroDialog.BE.ID01(Clone).xlsx]
[INFO ] 03-01-2024 13:53:40 [main] Log - Method getRowContains: result[PASS], rowNumber[4], columnNumber[10], sheetName[TestSteps], path[E:\keyworddriven.monkey.game\src\main\java\testcases\Report_IntroDialog.BE.ID01(Clone).xlsx]
[INFO ] 03-01-2024 13:53:40 [main] Log - Method getRowContains: result[], rowNumber[4], columnNumber[11], sheetName[TestSteps], path[E:\keyworddriven.monkey.game\src\main\java\testcases\Report_IntroDialog.BE.ID01(Clone).xlsx]
[INFO ] 03-01-2024 13:53:40 [main] Log - Method getCellData: rowNumber[5], columnNumber[5], sheetName[TestSteps]
[INFO ] 03-01-2024 13:53:40 [main] Log - Method getCellData: rowNumber[5], columnNumber[3], sheetName[TestSteps]
[INFO ] 03-01-2024 13:53:40 [main] Log - Method getCellData: rowNumber[5], columnNumber[4], sheetName[TestSteps]
[INFO ] 03-01-2024 13:53:40 [main] Log - Method getCellData: rowNumber[5], columnNumber[6], sheetName[TestSteps]
[INFO ] 03-01-2024 13:53:40 [main] Log - Method getCellData: rowNumber[5], columnNumber[2], sheetName[TestSteps]
[INFO ] 03-01-2024 13:53:40 [main] Log - Method getCellData: rowNumber[5], columnNumber[1], sheetName[TestSteps]
[INFO ] 03-01-2024 13:53:40 [main] Log - TS05:  Click Unclock Lesson dropdown
[INFO ] 03-01-2024 13:53:40 [main] Log - Method getCellData: rowNumber[5], columnNumber[7], sheetName[TestSteps]
[INFO ] 03-01-2024 13:53:40 [main] Log - Method getCellData: rowNumber[5], columnNumber[8], sheetName[TestSteps]
[INFO ] 03-01-2024 13:53:40 [main] Log - Method getRowContains: result[PASS], rowNumber[5], columnNumber[10], sheetName[TestSteps], path[E:\keyworddriven.monkey.game\src\main\java\testcases\Report_IntroDialog.BE.ID01(Clone).xlsx]
[INFO ] 03-01-2024 13:53:40 [main] Log - Method getRowContains: result[], rowNumber[5], columnNumber[11], sheetName[TestSteps], path[E:\keyworddriven.monkey.game\src\main\java\testcases\Report_IntroDialog.BE.ID01(Clone).xlsx]
[INFO ] 03-01-2024 13:53:40 [main] Log - Method getRowContains: result[PASS], rowNumber[5], columnNumber[10], sheetName[TestSteps], path[E:\keyworddriven.monkey.game\src\main\java\testcases\Report_IntroDialog.BE.ID01(Clone).xlsx]
[INFO ] 03-01-2024 13:53:40 [main] Log - Method getRowContains: result[], rowNumber[5], columnNumber[11], sheetName[TestSteps], path[E:\keyworddriven.monkey.game\src\main\java\testcases\Report_IntroDialog.BE.ID01(Clone).xlsx]
[INFO ] 03-01-2024 13:53:40 [main] Log - Method getCellData: rowNumber[6], columnNumber[5], sheetName[TestSteps]
[INFO ] 03-01-2024 13:53:40 [main] Log - Method getCellData: rowNumber[6], columnNumber[3], sheetName[TestSteps]
[INFO ] 03-01-2024 13:53:40 [main] Log - Method getCellData: rowNumber[6], columnNumber[4], sheetName[TestSteps]
[INFO ] 03-01-2024 13:53:40 [main] Log - Method getCellData: rowNumber[6], columnNumber[6], sheetName[TestSteps]
[INFO ] 03-01-2024 13:53:40 [main] Log - Method getCellData: rowNumber[6], columnNumber[2], sheetName[TestSteps]
[INFO ] 03-01-2024 13:53:40 [main] Log - Method getCellData: rowNumber[6], columnNumber[1], sheetName[TestSteps]
[INFO ] 03-01-2024 13:53:40 [main] Log - TS06:  Chọn On Unlock Leson
[INFO ] 03-01-2024 13:53:40 [main] Log - Method getCellData: rowNumber[6], columnNumber[7], sheetName[TestSteps]
[INFO ] 03-01-2024 13:53:40 [main] Log - Method getCellData: rowNumber[6], columnNumber[8], sheetName[TestSteps]
[INFO ] 03-01-2024 13:53:40 [main] Log - Method getRowContains: result[PASS], rowNumber[6], columnNumber[10], sheetName[TestSteps], path[E:\keyworddriven.monkey.game\src\main\java\testcases\Report_IntroDialog.BE.ID01(Clone).xlsx]
[INFO ] 03-01-2024 13:53:40 [main] Log - Method getRowContains: result[], rowNumber[6], columnNumber[11], sheetName[TestSteps], path[E:\keyworddriven.monkey.game\src\main\java\testcases\Report_IntroDialog.BE.ID01(Clone).xlsx]
[INFO ] 03-01-2024 13:53:40 [main] Log - Method getRowContains: result[PASS], rowNumber[6], columnNumber[10], sheetName[TestSteps], path[E:\keyworddriven.monkey.game\src\main\java\testcases\Report_IntroDialog.BE.ID01(Clone).xlsx]
[INFO ] 03-01-2024 13:53:40 [main] Log - Method getRowContains: result[], rowNumber[6], columnNumber[11], sheetName[TestSteps], path[E:\keyworddriven.monkey.game\src\main\java\testcases\Report_IntroDialog.BE.ID01(Clone).xlsx]
[INFO ] 03-01-2024 13:53:40 [main] Log - Method getCellData: rowNumber[7], columnNumber[5], sheetName[TestSteps]
[INFO ] 03-01-2024 13:53:40 [main] Log - Method getCellData: rowNumber[7], columnNumber[3], sheetName[TestSteps]
[INFO ] 03-01-2024 13:53:40 [main] Log - Method getCellData: rowNumber[7], columnNumber[4], sheetName[TestSteps]
[INFO ] 03-01-2024 13:53:40 [main] Log - Method getCellData: rowNumber[7], columnNumber[6], sheetName[TestSteps]
[INFO ] 03-01-2024 13:53:40 [main] Log - Method getCellData: rowNumber[7], columnNumber[2], sheetName[TestSteps]
[INFO ] 03-01-2024 13:53:40 [main] Log - Method getCellData: rowNumber[7], columnNumber[1], sheetName[TestSteps]
[INFO ] 03-01-2024 13:53:40 [main] Log - TS07:  Close Debug
[INFO ] 03-01-2024 13:53:40 [main] Log - Method getCellData: rowNumber[7], columnNumber[7], sheetName[TestSteps]
[INFO ] 03-01-2024 13:53:40 [main] Log - Method getCellData: rowNumber[7], columnNumber[8], sheetName[TestSteps]
[INFO ] 03-01-2024 13:53:40 [main] Log - Method getRowContains: result[PASS], rowNumber[7], columnNumber[10], sheetName[TestSteps], path[E:\keyworddriven.monkey.game\src\main\java\testcases\Report_IntroDialog.BE.ID01(Clone).xlsx]
[INFO ] 03-01-2024 13:53:40 [main] Log - Method getRowContains: result[], rowNumber[7], columnNumber[11], sheetName[TestSteps], path[E:\keyworddriven.monkey.game\src\main\java\testcases\Report_IntroDialog.BE.ID01(Clone).xlsx]
[INFO ] 03-01-2024 13:53:40 [main] Log - Method getRowContains: result[PASS], rowNumber[7], columnNumber[10], sheetName[TestSteps], path[E:\keyworddriven.monkey.game\src\main\java\testcases\Report_IntroDialog.BE.ID01(Clone).xlsx]
[INFO ] 03-01-2024 13:53:40 [main] Log - Method getRowContains: result[], rowNumber[7], columnNumber[11], sheetName[TestSteps], path[E:\keyworddriven.monkey.game\src\main\java\testcases\Report_IntroDialog.BE.ID01(Clone).xlsx]
[INFO ] 03-01-2024 13:53:40 [main] Log - Method getRowContains: result[PASS], rowNumber[1], columnNumber[3], sheetName[TestCase], path[E:\keyworddriven.monkey.game\src\main\java\testcases\Report_IntroDialog.BE.ID01(Clone).xlsx]
[INFO ] 03-01-2024 13:53:40 [main] Log - Method getRowContains: result[], rowNumber[1], columnNumber[4], sheetName[TestCase], path[E:\keyworddriven.monkey.game\src\main\java\testcases\Report_IntroDialog.BE.ID01(Clone).xlsx]
[INFO ] 03-01-2024 13:53:40 [main] Log - Method getCellData: rowNumber[2], columnNumber[0], sheetName[TestCase]
[INFO ] 03-01-2024 13:53:40 [main] Log - TC: TC02
[INFO ] 03-01-2024 13:53:40 [main] Log - Method getRowCount: TestSteps
[INFO ] 03-01-2024 13:53:40 [main] Log - Method getCellData: rowNumber[0], columnNumber[0], sheetName[TestSteps]
[INFO ] 03-01-2024 13:53:40 [main] Log - Method getCellData: rowNumber[1], columnNumber[0], sheetName[TestSteps]
[INFO ] 03-01-2024 13:53:40 [main] Log - Method getCellData: rowNumber[2], columnNumber[0], sheetName[TestSteps]
[INFO ] 03-01-2024 13:53:40 [main] Log - Method getCellData: rowNumber[3], columnNumber[0], sheetName[TestSteps]
[INFO ] 03-01-2024 13:53:40 [main] Log - Method getCellData: rowNumber[4], columnNumber[0], sheetName[TestSteps]
[INFO ] 03-01-2024 13:53:40 [main] Log - Method getCellData: rowNumber[5], columnNumber[0], sheetName[TestSteps]
[INFO ] 03-01-2024 13:53:40 [main] Log - Method getCellData: rowNumber[6], columnNumber[0], sheetName[TestSteps]
[INFO ] 03-01-2024 13:53:40 [main] Log - Method getCellData: rowNumber[7], columnNumber[0], sheetName[TestSteps]
[INFO ] 03-01-2024 13:53:40 [main] Log - Method getCellData: rowNumber[8], columnNumber[0], sheetName[TestSteps]
[INFO ] 03-01-2024 13:53:40 [main] Log - Method getRowContains: sTestCaseName[TC02], colNum[0], sheetName[TestSteps]
[INFO ] 03-01-2024 13:53:40 [main] Log - Method getRowCount: TestSteps
[INFO ] 03-01-2024 13:53:40 [main] Log - Method getCellData: rowNumber[8], columnNumber[0], sheetName[TestSteps]
[INFO ] 03-01-2024 13:53:40 [main] Log - Method getRowCount: TestSteps
[INFO ] 03-01-2024 13:53:40 [main] Log - Method getRowContains: sTestCaseID[TC02], startTestStep[8], sheetName[TestSteps]
[INFO ] 03-01-2024 13:53:40 [main] Log - Method getCellData: rowNumber[8], columnNumber[5], sheetName[TestSteps]
[INFO ] 03-01-2024 13:53:40 [main] Log - Method getCellData: rowNumber[8], columnNumber[3], sheetName[TestSteps]
[INFO ] 03-01-2024 13:53:40 [main] Log - Method getCellData: rowNumber[8], columnNumber[4], sheetName[TestSteps]
[INFO ] 03-01-2024 13:53:40 [main] Log - Method getCellData: rowNumber[8], columnNumber[6], sheetName[TestSteps]
[INFO ] 03-01-2024 13:53:40 [main] Log - Method getCellData: rowNumber[8], columnNumber[2], sheetName[TestSteps]
[INFO ] 03-01-2024 13:53:40 [main] Log - Method getCellData: rowNumber[8], columnNumber[1], sheetName[TestSteps]
[INFO ] 03-01-2024 13:53:40 [main] Log - TS01:  Play lesson 3
[INFO ] 03-01-2024 13:53:41 [main] Log - Method getCellData: rowNumber[8], columnNumber[7], sheetName[TestSteps]
[INFO ] 03-01-2024 13:53:41 [main] Log - Method getCellData: rowNumber[8], columnNumber[8], sheetName[TestSteps]
[INFO ] 03-01-2024 13:53:41 [main] Log - Method getCellData: rowNumber[8], columnNumber[9], sheetName[TestSteps]
[INFO ] 03-01-2024 13:53:41 [main] Log - TS01:  Check - Play lesson 3
[INFO ] 03-01-2024 13:53:41 [main] Log - Check - Play lesson 3
[INFO ] 03-01-2024 13:53:41 [main] Log - Method getRowContains: result[PASS], rowNumber[8], columnNumber[10], sheetName[TestSteps], path[E:\keyworddriven.monkey.game\src\main\java\testcases\Report_IntroDialog.BE.ID01(Clone).xlsx]
[INFO ] 03-01-2024 13:53:41 [main] Log - Method getRowContains: result[], rowNumber[8], columnNumber[11], sheetName[TestSteps], path[E:\keyworddriven.monkey.game\src\main\java\testcases\Report_IntroDialog.BE.ID01(Clone).xlsx]
[INFO ] 03-01-2024 13:53:41 [main] Log - Method getRowContains: result[PASS], rowNumber[8], columnNumber[10], sheetName[TestSteps], path[E:\keyworddriven.monkey.game\src\main\java\testcases\Report_IntroDialog.BE.ID01(Clone).xlsx]
[INFO ] 03-01-2024 13:53:41 [main] Log - Method getRowContains: result[], rowNumber[8], columnNumber[11], sheetName[TestSteps], path[E:\keyworddriven.monkey.game\src\main\java\testcases\Report_IntroDialog.BE.ID01(Clone).xlsx]
[INFO ] 03-01-2024 13:53:41 [main] Log - Method getRowContains: result[PASS], rowNumber[2], columnNumber[3], sheetName[TestCase], path[E:\keyworddriven.monkey.game\src\main\java\testcases\Report_IntroDialog.BE.ID01(Clone).xlsx]
[INFO ] 03-01-2024 13:53:41 [main] Log - Method getRowContains: result[], rowNumber[2], columnNumber[4], sheetName[TestCase], path[E:\keyworddriven.monkey.game\src\main\java\testcases\Report_IntroDialog.BE.ID01(Clone).xlsx]
[INFO ] 03-01-2024 13:53:41 [main] Log - Method setExcelFile: E:\keyworddriven.monkey.game\src\main\java\testcases\Scope.xlsx
[INFO ] 03-01-2024 13:53:41 [main] Log - Method getRowContains: result[PASS], rowNumber[1], columnNumber[3], sheetName[Scope], path[E:\keyworddriven.monkey.game\src\main\java\testcases\Scope.xlsx]
